C51 COMPILER V9.51   MAIN                                                                  07/03/2025 09:37:17 PAGE 1   


C51 COMPILER V9.51, COMPILATION OF MODULE MAIN
OBJECT MODULE PLACED IN .\output\main.obj
COMPILER INVOKED BY: F:\DianZiCeShiData\keil\C51\BIN\C51.EXE source\main.c BROWSE INCDIR(.\inc) DEBUG OBJECTEXTEND PRINT
                    -(.\list\main.lst) TABS(2) OBJECT(.\output\main.obj)

line level    source

   1          #include "STC15F2K60S2.H"
   2          #include "displayer.H" 
   3          #include "sys.H"
   4           
   5           
   6          code unsigned long SysClock=11059200;         //å¿…é¡»ã€‚ ï¼ˆå®šä¹‰ç³»ç»Ÿå·¥ä½œæ—¶é’Ÿé¢‘ç‡ï¼Œç”¨æˆ·å¯ä»¥
             -ä¿®æ”¹ï¼Œä¸”å¿…é¡»ä¸å®é™…å·¥ä½œé¢‘ç‡ï¼ˆä¸‹è½½æ—¶é€‰æ‹©çš„ï¼‰ä¸€è‡´
   7           
   8          #ifdef _displayer_H_                          //æ˜¾ç¤ºæ¨¡å—é€‰ç”¨æ—¶å¿…é¡»ã€‚ï¼ˆæ•°ç ç®¡æ˜¾ç¤ºè¯‘ç è¡¨ï
             -¼Œç”¨æˆ¶å¯ä¿®æ”¹ã€å¢åŠ ç­‰ï¼‰ 
   9          code char decode_table[]={0x3f,0x06,0x5b,0x4f,0x66,0x6d,0x7d,0x07,0x7f,0x6f,0x00,0x08,0x40,0x01,0x77,0x7c,
             -0x39,0x5e,0x79,0x78,0x76,0x38,0x54,0x5c,0x73,0x67,0x3e,0x6e};  
  10                          /* åºå·:   0    1    2    3    4    5    6    7    8    9    10     11   12   13   14   15
             -   16   17   18   19   20   21   22   23   24   25   26   27 */
  11                            /* æ˜¾ç¤º:   0    1    2    3    4    5    6    7    8    9    (æ— )   ä¸‹-    ä¸­-   ä¸
             -Š-   A    b    C    d    E    F    H    L    n    o    P    q    U    y */  
  12          #endif
  13           
  14           
  15           
  16          void main()
  17          {         
  18   1        
  19   1        displayerInit();                              
*** WARNING C206 IN LINE 19 OF source\main.c: 'displayerInit': missing function-prototype
  20   1        LedPrint(0);
  21   1          SetDisplayerArea(0,6);                           
  22   1        Seg7Print(1,2,20,21,12,2,1);   
*** WARNING C209 IN LINE 22 OF source\main.c: '_Seg7Print': too few actual parameters
  23   1        MySTC_Init();
  24   1        while(1)
  25   1          MySTC_OS();
  26   1      }


MODULE INFORMATION:   STATIC OVERLAYABLE
   CODE SIZE        =     44    ----
   CONSTANT SIZE    =     32    ----
   XDATA SIZE       =   ----    ----
   PDATA SIZE       =   ----    ----
   DATA SIZE        =   ----    ----
   IDATA SIZE       =   ----    ----
   BIT SIZE         =   ----    ----
END OF MODULE INFORMATION.


C51 COMPILATION COMPLETE.  2 WARNING(S),  0 ERROR(S)
