C51 COMPILER V9.51   MAIN                                                                  07/03/2025 09:20:46 PAGE 1   


C51 COMPILER V9.51, COMPILATION OF MODULE MAIN
OBJECT MODULE PLACED IN .\output\main.obj
COMPILER INVOKED BY: F:\DianZiCeShiData\keil\C51\BIN\C51.EXE source\main.c BROWSE INCDIR(.\inc) DEBUG OBJECTEXTEND PRINT
                    -(.\list\main.lst) TABS(2) OBJECT(.\output\main.obj)

line level    source

   1          #include "STC15F2K60S2.H"
   2          #include "sys.H" 
   3          #include "displayer.H"
   4          #include "key.H"
   5          #include "adc.h"  
   6           
   7          code unsigned long SysClock=11059200;
   8           
   9          #ifdef _displayer_H_
  10          code char decode_table[]={0x3f,0x06,0x5b,0x4f,0x66,0x6d,0x7d,0x07,0x7f,0x6f,0x00,0x08,0x40,0x01,0x76,0x38}
             -;   
  11                         /* 序号:   0    1    2    3    4    5    6    7    8    9    10     11  12   13   14   15 
             - */
  12                           /* 显示:   0    1    2    3    4    5    6    7    8    9    (无)   下-  中-  上-  
             - H    L  */ 
  13          #endif
  14           
  15          unsigned char temp[]={0xc0,0x60,0x30,0x18,0x0c,0x06,0x03,0x81};
  16          int i=3;
  17          void mydh_callback()
  18          {
  19   1        if(GetAdcNavAct(enumAdcNavKeyLeft)==enumKeyPress)
  20   1        {
  21   2          if(i>0)
  22   2            i--;
  23   2          else i=7;
  24   2        }
  25   1        else if(GetAdcNavAct(enumAdcNavKeyRight)==enumKeyPress)
  26   1        {
  27   2          if(i<7)
  28   2            i++;
  29   2          else i=0;
  30   2        }
  31   1        LedPrint(temp[i]);
  32   1      }
  33           
  34           
  35          void main(){
  36   1        DisplayerInit();
  37   1        KeyInit();
  38   1        AdcInit(ADCexpEXT);
  39   1        SetDisplayerArea(0,7);
  40   1        LedPrint(temp[3]);
  41   1        Seg7Print(10,10,10,10,10,10,10,10);
  42   1        SetEventCallBack(enumEventNav, mydh_callback);
  43   1        MySTC_Init();
  44   1        while(1)
  45   1          MySTC_OS();
  46   1      }


MODULE INFORMATION:   STATIC OVERLAYABLE
   CODE SIZE        =    151    ----
   CONSTANT SIZE    =     20    ----
C51 COMPILER V9.51   MAIN                                                                  07/03/2025 09:20:46 PAGE 2   

   XDATA SIZE       =   ----    ----
   PDATA SIZE       =   ----    ----
   DATA SIZE        =     10    ----
   IDATA SIZE       =   ----    ----
   BIT SIZE         =   ----    ----
END OF MODULE INFORMATION.


C51 COMPILATION COMPLETE.  0 WARNING(S),  0 ERROR(S)
