Classic Timing Analyzer report for mux2_1
Sun Dec 01 17:06:01 2024
Quartus II Version 9.0 Build 184 04/29/2009 Service Pack 1 SJ Web Edition


---------------------
; Table of Contents ;
---------------------
  1. Legal Notice
  2. Timing Analyzer Summary
  3. Timing Analyzer Settings
  4. Parallel Compilation
  5. tpd
  6. Timing Analyzer Messages



----------------
; Legal Notice ;
----------------
Copyright (C) 1991-2009 Altera Corporation
Your use of Altera Corporation's design tools, logic functions 
and other software and tools, and its AMPP partner logic 
functions, and any output files from any of the foregoing 
(including device programming or simulation files), and any 
associated documentation or information are expressly subject 
to the terms and conditions of the Altera Program License 
Subscription Agreement, Altera MegaCore Function License 
Agreement, or other applicable license agreement, including, 
without limitation, that your use is for the sole purpose of 
programming logic devices manufactured by Altera and sold by 
Altera or its authorized distributors.  Please refer to the 
applicable agreement for further details.



+-------------------------------------------------------------------------------------------------------------------------+
; Timing Analyzer Summary                                                                                                 ;
+------------------------------+-------+---------------+-------------+------+------+------------+----------+--------------+
; Type                         ; Slack ; Required Time ; Actual Time ; From ; To   ; From Clock ; To Clock ; Failed Paths ;
+------------------------------+-------+---------------+-------------+------+------+------------+----------+--------------+
; Worst-case tpd               ; N/A   ; None          ; 15.022 ns   ; s    ; y[6] ; --         ; --       ; 0            ;
; Total number of failed paths ;       ;               ;             ;      ;      ;            ;          ; 0            ;
+------------------------------+-------+---------------+-------------+------+------+------------+----------+--------------+


+--------------------------------------------------------------------------------------------------------------------+
; Timing Analyzer Settings                                                                                           ;
+---------------------------------------------------------------------+--------------------+------+----+-------------+
; Option                                                              ; Setting            ; From ; To ; Entity Name ;
+---------------------------------------------------------------------+--------------------+------+----+-------------+
; Device Name                                                         ; EP2C5T144C8        ;      ;    ;             ;
; Timing Models                                                       ; Final              ;      ;    ;             ;
; Default hold multicycle                                             ; Same as Multicycle ;      ;    ;             ;
; Cut paths between unrelated clock domains                           ; On                 ;      ;    ;             ;
; Cut off read during write signal paths                              ; On                 ;      ;    ;             ;
; Cut off feedback from I/O pins                                      ; On                 ;      ;    ;             ;
; Report Combined Fast/Slow Timing                                    ; Off                ;      ;    ;             ;
; Ignore Clock Settings                                               ; Off                ;      ;    ;             ;
; Analyze latches as synchronous elements                             ; On                 ;      ;    ;             ;
; Enable Recovery/Removal analysis                                    ; Off                ;      ;    ;             ;
; Enable Clock Latency                                                ; Off                ;      ;    ;             ;
; Use TimeQuest Timing Analyzer                                       ; Off                ;      ;    ;             ;
; Minimum Core Junction Temperature                                   ; 0                  ;      ;    ;             ;
; Maximum Core Junction Temperature                                   ; 85                 ;      ;    ;             ;
; Number of source nodes to report per destination node               ; 10                 ;      ;    ;             ;
; Number of destination nodes to report                               ; 10                 ;      ;    ;             ;
; Number of paths to report                                           ; 200                ;      ;    ;             ;
; Report Minimum Timing Checks                                        ; Off                ;      ;    ;             ;
; Use Fast Timing Models                                              ; Off                ;      ;    ;             ;
; Report IO Paths Separately                                          ; Off                ;      ;    ;             ;
; Perform Multicorner Analysis                                        ; On                 ;      ;    ;             ;
; Reports the worst-case path for each clock domain and analysis      ; Off                ;      ;    ;             ;
; Removes common clock path pessimism (CCPP) during slack computation ; Off                ;      ;    ;             ;
; Output I/O Timing Endpoint                                          ; Near End           ;      ;    ;             ;
+---------------------------------------------------------------------+--------------------+------+----+-------------+


Parallel compilation was disabled, but you have multiple processors available. Enable parallel compilation to reduce compilation time.
+-------------------------------------+
; Parallel Compilation                ;
+----------------------------+--------+
; Processors                 ; Number ;
+----------------------------+--------+
; Number detected on machine ; 14     ;
; Maximum allowed            ; 1      ;
+----------------------------+--------+


+-----------------------------------------------------------+
; tpd                                                       ;
+-------+-------------------+-----------------+------+------+
; Slack ; Required P2P Time ; Actual P2P Time ; From ; To   ;
+-------+-------------------+-----------------+------+------+
; N/A   ; None              ; 15.022 ns       ; s    ; y[6] ;
; N/A   ; None              ; 14.880 ns       ; s    ; y[3] ;
; N/A   ; None              ; 14.493 ns       ; s    ; y[7] ;
; N/A   ; None              ; 14.347 ns       ; s    ; y[0] ;
; N/A   ; None              ; 13.864 ns       ; b[6] ; y[6] ;
; N/A   ; None              ; 13.725 ns       ; a[6] ; y[6] ;
; N/A   ; None              ; 13.414 ns       ; s    ; y[2] ;
; N/A   ; None              ; 13.275 ns       ; b[0] ; y[0] ;
; N/A   ; None              ; 13.204 ns       ; s    ; y[4] ;
; N/A   ; None              ; 13.156 ns       ; a[7] ; y[7] ;
; N/A   ; None              ; 12.895 ns       ; s    ; y[1] ;
; N/A   ; None              ; 12.732 ns       ; s    ; y[5] ;
; N/A   ; None              ; 12.725 ns       ; a[0] ; y[0] ;
; N/A   ; None              ; 12.573 ns       ; b[7] ; y[7] ;
; N/A   ; None              ; 12.538 ns       ; a[2] ; y[2] ;
; N/A   ; None              ; 12.484 ns       ; b[2] ; y[2] ;
; N/A   ; None              ; 11.862 ns       ; b[5] ; y[5] ;
; N/A   ; None              ; 11.715 ns       ; a[1] ; y[1] ;
; N/A   ; None              ; 11.448 ns       ; b[1] ; y[1] ;
; N/A   ; None              ; 11.369 ns       ; a[5] ; y[5] ;
; N/A   ; None              ; 9.810 ns        ; b[3] ; y[3] ;
; N/A   ; None              ; 9.541 ns        ; a[3] ; y[3] ;
; N/A   ; None              ; 8.126 ns        ; b[4] ; y[4] ;
; N/A   ; None              ; 7.706 ns        ; a[4] ; y[4] ;
+-------+-------------------+-----------------+------+------+


+--------------------------+
; Timing Analyzer Messages ;
+--------------------------+
Info: *******************************************************************
Info: Running Quartus II Classic Timing Analyzer
    Info: Version 9.0 Build 184 04/29/2009 Service Pack 1 SJ Web Edition
    Info: Processing started: Sun Dec 01 17:06:01 2024
Info: Command: quartus_tan --read_settings_files=off --write_settings_files=off mux2_1 -c mux2_1 --timing_analysis_only
Info: Longest tpd from source pin "s" to destination pin "y[6]" is 15.022 ns
    Info: 1: + IC(0.000 ns) + CELL(0.944 ns) = 0.944 ns; Loc. = PIN_64; Fanout = 8; PIN Node = 's'
    Info: 2: + IC(6.810 ns) + CELL(0.589 ns) = 8.343 ns; Loc. = LCCOMB_X27_Y6_N4; Fanout = 1; COMB Node = 'y~14'
    Info: 3: + IC(3.613 ns) + CELL(3.066 ns) = 15.022 ns; Loc. = PIN_28; Fanout = 0; PIN Node = 'y[6]'
    Info: Total cell delay = 4.599 ns ( 30.62 % )
    Info: Total interconnect delay = 10.423 ns ( 69.38 % )
Info: Quartus II Classic Timing Analyzer was successful. 0 errors, 0 warnings
    Info: Peak virtual memory: 195 megabytes
    Info: Processing ended: Sun Dec 01 17:06:01 2024
    Info: Elapsed time: 00:00:00
    Info: Total CPU time (on all processors): 00:00:00


