C51 COMPILER V9.51   MAIN                                                                  07/03/2025 09:37:29 PAGE 1   


C51 COMPILER V9.51, COMPILATION OF MODULE MAIN
OBJECT MODULE PLACED IN .\output\main.obj
COMPILER INVOKED BY: F:\DianZiCeShiData\keil\C51\BIN\C51.EXE source\main.c BROWSE INCDIR(.\inc) DEBUG OBJECTEXTEND PRINT
                    -(.\list\main.lst) TABS(2) OBJECT(.\output\main.obj)

line level    source

   1          #include "STC15F2K60S2.H"
   2          #include "sys.H"
   3          #include "displayer.H"
   4          #include "beep.h"
   5          #include "adc.h"
   6           
   7          code unsigned long SysClock=11059200;
   8           
   9          #ifdef _displayer_H_ 
  10          code char decode_table[]={0x3f,0x06,0x5b,0x4f,0x66,0x6d,0x7d,0x07,0x7f,0x6f,0x00,0x08,0x40,0x01,0x76,0x38}
             -;   
  11                         /* 序号:   0    1    2    3    4    5    6    7    8    9    10     11  12   13   14   15 
             - */
  12                           /* 显示:   0    1    2    3    4    5    6    7    8    9    (无)   下-  中-  上-  
             - H    L  */ 
  13           
  14          void Rop_callback(){
  15   1        if(GetADC().Rop<20)
  16   1          SetBeep(1200,150);
  17   1        else if(GetADC().Rop>100){
  18   2          SetBeep(2000,150);
  19   2        }
  20   1      }
  21          void Per100ms_displayer(){
  22   1        char gewei = (GetADC().Rop % 10);
  23   1          char shiwei = ((GetADC().Rop) / 10) % 10;
  24   1          char baiwei = ((GetADC().Rop) / 100) % 10;
  25   1        if(GetADC().Rop>100){
  26   2          Seg7Print(10,10,10,10,10,baiwei,shiwei,gewei);
  27   2        }
  28   1        else{
  29   2          Seg7Print(10,10,10,10,10,10,shiwei,gewei);
  30   2        }
  31   1      }
  32           
  33          int main(){
  34   1        DisplayerInit(); 
  35   1        BeepInit();
  36   1        AdcInit();
*** WARNING C209 IN LINE 36 OF source\main.c: '_AdcInit': too few actual parameters
  37   1        SetDisplayerArea(0,7);
  38   1        Seg7Print(10,10,10,10,10,10,10,10);
  39   1        LedPrint(0);
  40   1        SetEventCallBack(enumEventSys100mS, Per100ms_displayer);
  41   1        SetEventCallBack(enumEventXADC, Rop_callback);
  42   1          MySTC_Init();
  43   1          while(1){
  44   2           MySTC_OS();
  45   2        }   
  46   1      }
*** WARNING C316 IN LINE 46 OF source\main.c: unterminated conditionals


MODULE INFORMATION:   STATIC OVERLAYABLE
C51 COMPILER V9.51   MAIN                                                                  07/03/2025 09:37:29 PAGE 2   

   CODE SIZE        =    288    ----
   CONSTANT SIZE    =     20    ----
   XDATA SIZE       =   ----    ----
   PDATA SIZE       =   ----    ----
   DATA SIZE        =   ----       3
   IDATA SIZE       =   ----    ----
   BIT SIZE         =   ----    ----
END OF MODULE INFORMATION.


C51 COMPILATION COMPLETE.  2 WARNING(S),  0 ERROR(S)
