Classic Timing Analyzer report for au
Wed Nov 27 15:04:21 2024
Quartus II Version 9.0 Build 184 04/29/2009 Service Pack 1 SJ Web Edition


---------------------
; Table of Contents ;
---------------------
  1. Legal Notice
  2. Timing Analyzer Summary
  3. Timing Analyzer Settings
  4. Parallel Compilation
  5. tpd
  6. Timing Analyzer Messages



----------------
; Legal Notice ;
----------------
Copyright (C) 1991-2009 Altera Corporation
Your use of Altera Corporation's design tools, logic functions 
and other software and tools, and its AMPP partner logic 
functions, and any output files from any of the foregoing 
(including device programming or simulation files), and any 
associated documentation or information are expressly subject 
to the terms and conditions of the Altera Program License 
Subscription Agreement, Altera MegaCore Function License 
Agreement, or other applicable license agreement, including, 
without limitation, that your use is for the sole purpose of 
programming logic devices manufactured by Altera and sold by 
Altera or its authorized distributors.  Please refer to the 
applicable agreement for further details.



+--------------------------------------------------------------------------------------------------------------------------+
; Timing Analyzer Summary                                                                                                  ;
+------------------------------+-------+---------------+-------------+-------+------+------------+----------+--------------+
; Type                         ; Slack ; Required Time ; Actual Time ; From  ; To   ; From Clock ; To Clock ; Failed Paths ;
+------------------------------+-------+---------------+-------------+-------+------+------------+----------+--------------+
; Worst-case tpd               ; N/A   ; None          ; 19.316 ns   ; ac[0] ; t[7] ; --         ; --       ; 0            ;
; Total number of failed paths ;       ;               ;             ;       ;      ;            ;          ; 0            ;
+------------------------------+-------+---------------+-------------+-------+------+------------+----------+--------------+


+--------------------------------------------------------------------------------------------------------------------+
; Timing Analyzer Settings                                                                                           ;
+---------------------------------------------------------------------+--------------------+------+----+-------------+
; Option                                                              ; Setting            ; From ; To ; Entity Name ;
+---------------------------------------------------------------------+--------------------+------+----+-------------+
; Device Name                                                         ; EP2C5T144C8        ;      ;    ;             ;
; Timing Models                                                       ; Final              ;      ;    ;             ;
; Default hold multicycle                                             ; Same as Multicycle ;      ;    ;             ;
; Cut paths between unrelated clock domains                           ; On                 ;      ;    ;             ;
; Cut off read during write signal paths                              ; On                 ;      ;    ;             ;
; Cut off feedback from I/O pins                                      ; On                 ;      ;    ;             ;
; Report Combined Fast/Slow Timing                                    ; Off                ;      ;    ;             ;
; Ignore Clock Settings                                               ; Off                ;      ;    ;             ;
; Analyze latches as synchronous elements                             ; On                 ;      ;    ;             ;
; Enable Recovery/Removal analysis                                    ; Off                ;      ;    ;             ;
; Enable Clock Latency                                                ; Off                ;      ;    ;             ;
; Use TimeQuest Timing Analyzer                                       ; Off                ;      ;    ;             ;
; Minimum Core Junction Temperature                                   ; 0                  ;      ;    ;             ;
; Maximum Core Junction Temperature                                   ; 85                 ;      ;    ;             ;
; Number of source nodes to report per destination node               ; 10                 ;      ;    ;             ;
; Number of destination nodes to report                               ; 10                 ;      ;    ;             ;
; Number of paths to report                                           ; 200                ;      ;    ;             ;
; Report Minimum Timing Checks                                        ; Off                ;      ;    ;             ;
; Use Fast Timing Models                                              ; Off                ;      ;    ;             ;
; Report IO Paths Separately                                          ; Off                ;      ;    ;             ;
; Perform Multicorner Analysis                                        ; On                 ;      ;    ;             ;
; Reports the worst-case path for each clock domain and analysis      ; Off                ;      ;    ;             ;
; Removes common clock path pessimism (CCPP) during slack computation ; Off                ;      ;    ;             ;
; Output I/O Timing Endpoint                                          ; Near End           ;      ;    ;             ;
+---------------------------------------------------------------------+--------------------+------+----+-------------+


Parallel compilation was disabled, but you have multiple processors available. Enable parallel compilation to reduce compilation time.
+-------------------------------------+
; Parallel Compilation                ;
+----------------------------+--------+
; Processors                 ; Number ;
+----------------------------+--------+
; Number detected on machine ; 14     ;
; Maximum allowed            ; 1      ;
+----------------------------+--------+


+------------------------------------------------------------+
; tpd                                                        ;
+-------+-------------------+-----------------+-------+------+
; Slack ; Required P2P Time ; Actual P2P Time ; From  ; To   ;
+-------+-------------------+-----------------+-------+------+
; N/A   ; None              ; 19.316 ns       ; ac[0] ; t[7] ;
; N/A   ; None              ; 19.209 ns       ; ac[3] ; t[7] ;
; N/A   ; None              ; 19.078 ns       ; ac[0] ; t[5] ;
; N/A   ; None              ; 18.971 ns       ; ac[3] ; t[5] ;
; N/A   ; None              ; 18.964 ns       ; ac[1] ; t[7] ;
; N/A   ; None              ; 18.893 ns       ; ac[2] ; t[7] ;
; N/A   ; None              ; 18.726 ns       ; ac[1] ; t[5] ;
; N/A   ; None              ; 18.655 ns       ; ac[2] ; t[5] ;
; N/A   ; None              ; 18.476 ns       ; ac[0] ; t[3] ;
; N/A   ; None              ; 18.369 ns       ; ac[3] ; t[3] ;
; N/A   ; None              ; 18.360 ns       ; a[3]  ; t[7] ;
; N/A   ; None              ; 18.299 ns       ; ac[0] ; t[1] ;
; N/A   ; None              ; 18.250 ns       ; a[1]  ; t[7] ;
; N/A   ; None              ; 18.247 ns       ; ac[0] ; t[2] ;
; N/A   ; None              ; 18.222 ns       ; ac[0] ; t[6] ;
; N/A   ; None              ; 18.192 ns       ; ac[3] ; t[1] ;
; N/A   ; None              ; 18.143 ns       ; a[6]  ; t[7] ;
; N/A   ; None              ; 18.140 ns       ; ac[3] ; t[2] ;
; N/A   ; None              ; 18.124 ns       ; ac[1] ; t[3] ;
; N/A   ; None              ; 18.122 ns       ; a[3]  ; t[5] ;
; N/A   ; None              ; 18.115 ns       ; ac[3] ; t[6] ;
; N/A   ; None              ; 18.097 ns       ; a[0]  ; t[7] ;
; N/A   ; None              ; 18.053 ns       ; ac[2] ; t[3] ;
; N/A   ; None              ; 18.029 ns       ; ac[0] ; t[4] ;
; N/A   ; None              ; 18.012 ns       ; a[1]  ; t[5] ;
; N/A   ; None              ; 17.947 ns       ; ac[1] ; t[1] ;
; N/A   ; None              ; 17.937 ns       ; a[4]  ; t[7] ;
; N/A   ; None              ; 17.922 ns       ; ac[3] ; t[4] ;
; N/A   ; None              ; 17.895 ns       ; ac[1] ; t[2] ;
; N/A   ; None              ; 17.876 ns       ; ac[2] ; t[1] ;
; N/A   ; None              ; 17.870 ns       ; ac[1] ; t[6] ;
; N/A   ; None              ; 17.859 ns       ; a[0]  ; t[5] ;
; N/A   ; None              ; 17.824 ns       ; ac[2] ; t[2] ;
; N/A   ; None              ; 17.799 ns       ; ac[2] ; t[6] ;
; N/A   ; None              ; 17.738 ns       ; ac[0] ; t[0] ;
; N/A   ; None              ; 17.699 ns       ; a[4]  ; t[5] ;
; N/A   ; None              ; 17.677 ns       ; ac[1] ; t[4] ;
; N/A   ; None              ; 17.631 ns       ; b[1]  ; t[7] ;
; N/A   ; None              ; 17.631 ns       ; ac[3] ; t[0] ;
; N/A   ; None              ; 17.606 ns       ; ac[2] ; t[4] ;
; N/A   ; None              ; 17.410 ns       ; a[1]  ; t[3] ;
; N/A   ; None              ; 17.393 ns       ; b[1]  ; t[5] ;
; N/A   ; None              ; 17.386 ns       ; ac[1] ; t[0] ;
; N/A   ; None              ; 17.381 ns       ; a[5]  ; t[7] ;
; N/A   ; None              ; 17.323 ns       ; a[2]  ; t[7] ;
; N/A   ; None              ; 17.315 ns       ; ac[2] ; t[0] ;
; N/A   ; None              ; 17.266 ns       ; a[3]  ; t[6] ;
; N/A   ; None              ; 17.257 ns       ; a[0]  ; t[3] ;
; N/A   ; None              ; 17.181 ns       ; a[1]  ; t[2] ;
; N/A   ; None              ; 17.156 ns       ; a[1]  ; t[6] ;
; N/A   ; None              ; 17.125 ns       ; a[3]  ; t[3] ;
; N/A   ; None              ; 17.107 ns       ; b[3]  ; t[7] ;
; N/A   ; None              ; 17.085 ns       ; a[2]  ; t[5] ;
; N/A   ; None              ; 17.080 ns       ; a[0]  ; t[1] ;
; N/A   ; None              ; 17.073 ns       ; a[3]  ; t[4] ;
; N/A   ; None              ; 17.048 ns       ; b[5]  ; t[7] ;
; N/A   ; None              ; 17.028 ns       ; a[0]  ; t[2] ;
; N/A   ; None              ; 17.003 ns       ; a[0]  ; t[6] ;
; N/A   ; None              ; 16.981 ns       ; b[5]  ; gf   ;
; N/A   ; None              ; 16.973 ns       ; b[0]  ; t[7] ;
; N/A   ; None              ; 16.963 ns       ; a[1]  ; t[4] ;
; N/A   ; None              ; 16.911 ns       ; a[7]  ; t[7] ;
; N/A   ; None              ; 16.869 ns       ; b[3]  ; t[5] ;
; N/A   ; None              ; 16.843 ns       ; a[4]  ; t[6] ;
; N/A   ; None              ; 16.840 ns       ; a[1]  ; t[1] ;
; N/A   ; None              ; 16.810 ns       ; a[0]  ; t[4] ;
; N/A   ; None              ; 16.791 ns       ; b[1]  ; t[3] ;
; N/A   ; None              ; 16.789 ns       ; b[2]  ; t[7] ;
; N/A   ; None              ; 16.750 ns       ; a[5]  ; t[5] ;
; N/A   ; None              ; 16.735 ns       ; b[0]  ; t[5] ;
; N/A   ; None              ; 16.726 ns       ; b[6]  ; t[7] ;
; N/A   ; None              ; 16.659 ns       ; a[6]  ; t[6] ;
; N/A   ; None              ; 16.562 ns       ; b[1]  ; t[2] ;
; N/A   ; None              ; 16.551 ns       ; b[2]  ; t[5] ;
; N/A   ; None              ; 16.537 ns       ; b[1]  ; t[6] ;
; N/A   ; None              ; 16.519 ns       ; a[0]  ; t[0] ;
; N/A   ; None              ; 16.494 ns       ; b[4]  ; t[7] ;
; N/A   ; None              ; 16.483 ns       ; a[2]  ; t[3] ;
; N/A   ; None              ; 16.469 ns       ; a[3]  ; gf   ;
; N/A   ; None              ; 16.420 ns       ; b[5]  ; t[5] ;
; N/A   ; None              ; 16.381 ns       ; b[1]  ; gf   ;
; N/A   ; None              ; 16.366 ns       ; ac[3] ; gf   ;
; N/A   ; None              ; 16.348 ns       ; a[1]  ; gf   ;
; N/A   ; None              ; 16.344 ns       ; b[1]  ; t[4] ;
; N/A   ; None              ; 16.341 ns       ; a[5]  ; gf   ;
; N/A   ; None              ; 16.287 ns       ; a[5]  ; t[6] ;
; N/A   ; None              ; 16.276 ns       ; b[6]  ; gf   ;
; N/A   ; None              ; 16.256 ns       ; b[4]  ; t[5] ;
; N/A   ; None              ; 16.251 ns       ; a[4]  ; t[4] ;
; N/A   ; None              ; 16.229 ns       ; a[2]  ; t[6] ;
; N/A   ; None              ; 16.224 ns       ; b[1]  ; t[1] ;
; N/A   ; None              ; 16.205 ns       ; a[0]  ; gf   ;
; N/A   ; None              ; 16.202 ns       ; b[3]  ; gf   ;
; N/A   ; None              ; 16.133 ns       ; b[0]  ; t[3] ;
; N/A   ; None              ; 16.118 ns       ; ac[1] ; gf   ;
; N/A   ; None              ; 16.050 ns       ; ac[2] ; gf   ;
; N/A   ; None              ; 16.036 ns       ; a[2]  ; t[4] ;
; N/A   ; None              ; 16.019 ns       ; a[4]  ; gf   ;
; N/A   ; None              ; 16.013 ns       ; b[3]  ; t[6] ;
; N/A   ; None              ; 15.956 ns       ; b[0]  ; t[1] ;
; N/A   ; None              ; 15.954 ns       ; b[5]  ; t[6] ;
; N/A   ; None              ; 15.949 ns       ; a[6]  ; gf   ;
; N/A   ; None              ; 15.949 ns       ; b[2]  ; t[3] ;
; N/A   ; None              ; 15.904 ns       ; b[0]  ; t[2] ;
; N/A   ; None              ; 15.894 ns       ; a[2]  ; gf   ;
; N/A   ; None              ; 15.879 ns       ; b[0]  ; t[6] ;
; N/A   ; None              ; 15.874 ns       ; b[3]  ; t[3] ;
; N/A   ; None              ; 15.861 ns       ; a[2]  ; t[2] ;
; N/A   ; None              ; 15.820 ns       ; b[3]  ; t[4] ;
; N/A   ; None              ; 15.805 ns       ; b[2]  ; gf   ;
; N/A   ; None              ; 15.695 ns       ; b[2]  ; t[6] ;
; N/A   ; None              ; 15.686 ns       ; b[0]  ; t[4] ;
; N/A   ; None              ; 15.671 ns       ; b[0]  ; gf   ;
; N/A   ; None              ; 15.515 ns       ; b[4]  ; gf   ;
; N/A   ; None              ; 15.502 ns       ; b[2]  ; t[4] ;
; N/A   ; None              ; 15.400 ns       ; b[4]  ; t[6] ;
; N/A   ; None              ; 15.393 ns       ; b[0]  ; t[0] ;
; N/A   ; None              ; 15.325 ns       ; b[2]  ; t[2] ;
; N/A   ; None              ; 15.239 ns       ; b[6]  ; t[6] ;
; N/A   ; None              ; 15.056 ns       ; b[7]  ; t[7] ;
; N/A   ; None              ; 15.035 ns       ; ac[0] ; gf   ;
; N/A   ; None              ; 14.878 ns       ; au_en ; gf   ;
; N/A   ; None              ; 14.802 ns       ; b[4]  ; t[4] ;
; N/A   ; None              ; 14.673 ns       ; a[7]  ; gf   ;
; N/A   ; None              ; 14.225 ns       ; b[7]  ; gf   ;
; N/A   ; None              ; 13.972 ns       ; au_en ; t[1] ;
; N/A   ; None              ; 13.947 ns       ; au_en ; t[7] ;
; N/A   ; None              ; 13.739 ns       ; au_en ; t[5] ;
; N/A   ; None              ; 13.478 ns       ; au_en ; t[3] ;
; N/A   ; None              ; 13.444 ns       ; au_en ; t[0] ;
; N/A   ; None              ; 13.439 ns       ; au_en ; t[6] ;
; N/A   ; None              ; 13.268 ns       ; au_en ; t[4] ;
; N/A   ; None              ; 12.965 ns       ; au_en ; t[2] ;
+-------+-------------------+-----------------+-------+------+


+--------------------------+
; Timing Analyzer Messages ;
+--------------------------+
Info: *******************************************************************
Info: Running Quartus II Classic Timing Analyzer
    Info: Version 9.0 Build 184 04/29/2009 Service Pack 1 SJ Web Edition
    Info: Processing started: Wed Nov 27 15:04:20 2024
Info: Command: quartus_tan --read_settings_files=off --write_settings_files=off au -c au --timing_analysis_only
Info: Longest tpd from source pin "ac[0]" to destination pin "t[7]" is 19.316 ns
    Info: 1: + IC(0.000 ns) + CELL(0.944 ns) = 0.944 ns; Loc. = PIN_120; Fanout = 3; PIN Node = 'ac[0]'
    Info: 2: + IC(6.544 ns) + CELL(0.539 ns) = 8.027 ns; Loc. = LCCOMB_X15_Y7_N26; Fanout = 9; COMB Node = 'Equal0~1'
    Info: 3: + IC(1.109 ns) + CELL(0.370 ns) = 9.506 ns; Loc. = LCCOMB_X17_Y7_N0; Fanout = 2; COMB Node = 'Add0~1'
    Info: 4: + IC(0.358 ns) + CELL(0.596 ns) = 10.460 ns; Loc. = LCCOMB_X17_Y7_N6; Fanout = 2; COMB Node = 'Add0~5'
    Info: 5: + IC(0.000 ns) + CELL(0.086 ns) = 10.546 ns; Loc. = LCCOMB_X17_Y7_N8; Fanout = 2; COMB Node = 'Add0~9'
    Info: 6: + IC(0.000 ns) + CELL(0.086 ns) = 10.632 ns; Loc. = LCCOMB_X17_Y7_N10; Fanout = 2; COMB Node = 'Add0~13'
    Info: 7: + IC(0.000 ns) + CELL(0.086 ns) = 10.718 ns; Loc. = LCCOMB_X17_Y7_N12; Fanout = 2; COMB Node = 'Add0~17'
    Info: 8: + IC(0.000 ns) + CELL(0.190 ns) = 10.908 ns; Loc. = LCCOMB_X17_Y7_N14; Fanout = 2; COMB Node = 'Add0~21'
    Info: 9: + IC(0.000 ns) + CELL(0.086 ns) = 10.994 ns; Loc. = LCCOMB_X17_Y7_N16; Fanout = 2; COMB Node = 'Add0~25'
    Info: 10: + IC(0.000 ns) + CELL(0.086 ns) = 11.080 ns; Loc. = LCCOMB_X17_Y7_N18; Fanout = 1; COMB Node = 'Add0~29'
    Info: 11: + IC(0.000 ns) + CELL(0.506 ns) = 11.586 ns; Loc. = LCCOMB_X17_Y7_N20; Fanout = 1; COMB Node = 'Add0~32'
    Info: 12: + IC(1.053 ns) + CELL(0.650 ns) = 13.289 ns; Loc. = LCCOMB_X18_Y8_N6; Fanout = 1; COMB Node = 'Add0~34'
    Info: 13: + IC(2.781 ns) + CELL(3.246 ns) = 19.316 ns; Loc. = PIN_142; Fanout = 0; PIN Node = 't[7]'
    Info: Total cell delay = 7.471 ns ( 38.68 % )
    Info: Total interconnect delay = 11.845 ns ( 61.32 % )
Info: Quartus II Classic Timing Analyzer was successful. 0 errors, 0 warnings
    Info: Peak virtual memory: 195 megabytes
    Info: Processing ended: Wed Nov 27 15:04:21 2024
    Info: Elapsed time: 00:00:01
    Info: Total CPU time (on all processors): 00:00:00


