C51 COMPILER V9.51   MAIN                                                                  07/03/2025 09:19:39 PAGE 1   


C51 COMPILER V9.51, COMPILATION OF MODULE MAIN
OBJECT MODULE PLACED IN .\output\main.obj
COMPILER INVOKED BY: F:\DianZiCeShiData\keil\C51\BIN\C51.EXE source\main.c BROWSE INCDIR(.\inc) DEBUG OBJECTEXTEND PRINT
                    -(.\list\main.lst) TABS(2) OBJECT(.\output\main.obj)

line level    source

   1          #include "STC15F2K60S2.H"
   2          #include "sys.H"
   3          #include "displayer.H"
   4          #include "stepmotor.h"
   5           
   6          code unsigned long SysClock=11059200; 
   7           
   8          #ifdef _displayer_H_ 
   9          code char decode_table[]={0x3f,0x06,0x5b,0x4f,0x66,0x6d,0x7d,0x07,0x7f,0x6f,0x00,0x08,0x40,0x01,0x76,0x38}
             -;   
  10                         /* 序号:   0    1    2    3    4    5    6    7    8    9    10     11  12   13   14   15 
             - */
  11                           /* 显示:   0    1    2    3    4    5    6    7    8    9    (无)   下-  中-  上-  
             - H    L  */
  12          #endif
  13           
  14          int main(){
  15   1        
  16   1          DisplayerInit();
  17   1            StepMotorInit();  
  18   1          SetDisplayerArea(0,7);
  19   1          Seg7Print(10,10,10,10,10,10,10,10);
  20   1          LedPrint(0);
  21   1          SetStepMotor(enumStepMotor2,10,100);
  22   1          MySTC_Init();
  23   1          while(1)
  24   1            MySTC_OS();
  25   1        
  26   1      }


MODULE INFORMATION:   STATIC OVERLAYABLE
   CODE SIZE        =     61    ----
   CONSTANT SIZE    =     20    ----
   XDATA SIZE       =   ----    ----
   PDATA SIZE       =   ----    ----
   DATA SIZE        =   ----    ----
   IDATA SIZE       =   ----    ----
   BIT SIZE         =   ----    ----
END OF MODULE INFORMATION.


C51 COMPILATION COMPLETE.  0 WARNING(S),  0 ERROR(S)
