C51 COMPILER V9.51   MAIN                                                                  07/03/2025 10:25:45 PAGE 1   


C51 COMPILER V9.51, COMPILATION OF MODULE MAIN
OBJECT MODULE PLACED IN .\output\main.obj
COMPILER INVOKED BY: F:\DianZiCeShiData\keil\C51\BIN\C51.EXE source\main.c BROWSE INCDIR(.\inc) DEBUG OBJECTEXTEND PRINT
                    -(.\list\main.lst) TABS(2) OBJECT(.\output\main.obj)

line level    source

   1          #include "STC15F2K60S2.H"
   2          #include "sys.H"
   3          #include "displayer.H" 
   4          #include "Beep.H"
   5          #include "music.H"
   6           
   7          code unsigned long SysClock=11059200;
   8           
   9          #ifdef _displayer_H_ 
  10          code char decode_table[]={0x3f,0x06,0x5b,0x4f,0x66,0x6d,0x7d,0x07,0x7f,0x6f,0x00,0x08,0x40,0x01,0x76,0x38}
             -;
  11                           /* 序号:   0    1    2    3    4    5    6    7    8    9    10     11  12   13   14   
             -15  */
  12                           /* 显示:   0    1    2    3    4    5    6    7    8    9    (无)   下-  中-  上-  
             - H    L  */  
  13           
  14          #endif
  15           
  16          code unsigned char arr[]={
  17            0x31,0x10,
  18            0x32,0x10,
  19            0x33,0x10,
  20            0x34,0x10,
  21            0x35,0x10};
  22           
  23          int main(){
  24   1          DisplayerInit();
  25   1          LedPrint(0);
  26   1          SetDisplayerArea(0,7);
  27   1          BeepInit();
  28   1          MusicPlayerInit();
  29   1          SetPlayerMode(enumModePlay);
  30   1          SetMusic(100,0xFA,arr,10,enumMscDrvSeg7andLed);
  31   1          MySTC_Init();
  32   1          while(1){
  33   2            MySTC_OS();
  34   2          }
  35   1        
  36   1      }


MODULE INFORMATION:   STATIC OVERLAYABLE
   CODE SIZE        =     56    ----
   CONSTANT SIZE    =     30    ----
   XDATA SIZE       =   ----    ----
   PDATA SIZE       =   ----    ----
   DATA SIZE        =   ----    ----
   IDATA SIZE       =   ----    ----
   BIT SIZE         =   ----    ----
END OF MODULE INFORMATION.


C51 COMPILATION COMPLETE.  0 WARNING(S),  0 ERROR(S)
