MIF/HEX Update report for small_computer
Sat Dec 21 14:57:38 2024
Quartus II Version 9.0 Build 184 04/29/2009 Service Pack 1 SJ Web Edition


---------------------
; Table of Contents ;
---------------------
  1. Legal Notice
  2. MIF/HEX Update Summary
  3. MIF/HEX Update Processed Files
  4. MIF/HEX Update Messages



----------------
; Legal Notice ;
----------------
Copyright (C) 1991-2009 Altera Corporation
Your use of Altera Corporation's design tools, logic functions 
and other software and tools, and its AMPP partner logic 
functions, and any output files from any of the foregoing 
(including device programming or simulation files), and any 
associated documentation or information are expressly subject 
to the terms and conditions of the Altera Program License 
Subscription Agreement, Altera MegaCore Function License 
Agreement, or other applicable license agreement, including, 
without limitation, that your use is for the sole purpose of 
programming logic devices manufactured by Altera and sold by 
Altera or its authorized distributors.  Please refer to the 
applicable agreement for further details.



+---------------------------------------------------------------+
; MIF/HEX Update Summary                                        ;
+-----------------------+---------------------------------------+
; MIF/HEX Update Status ; Successful - Sat Dec 21 14:57:38 2024 ;
; Revision Name         ; small_computer                        ;
; Top-level Entity Name ; small_computer                        ;
; Family                ; Cyclone II                            ;
; Device                ; EP2C5T144C8                           ;
+-----------------------+---------------------------------------+


+-----------------------------------+
; MIF/HEX Update Processed Files    ;
+-----------------------------------+
; File Name                         ;
+-----------------------------------+
; F:/altera/small_computer/ram1.mif ;
+-----------------------------------+


+-------------------------+
; MIF/HEX Update Messages ;
+-------------------------+
Info: *******************************************************************
Info: Running Quartus II MIF/HEX Update
    Info: Version 9.0 Build 184 04/29/2009 Service Pack 1 SJ Web Edition
    Info: Processing started: Sat Dec 21 14:57:38 2024
Info: Command: quartus_cdb small_computer -c small_computer --update_mif
Info: Processed the following Memory Initialization File(s)
    Info: Processed Memory Initialization File F:/altera/small_computer/ram1.mif
Info: Quartus II MIF/HEX Update was successful. 0 errors, 0 warnings
    Info: Peak virtual memory: 247 megabytes
    Info: Processing ended: Sat Dec 21 14:57:38 2024
    Info: Elapsed time: 00:00:00
    Info: Total CPU time (on all processors): 00:00:00


