C51 COMPILER V9.51   MAIN                                                                  07/02/2025 10:32:38 PAGE 1   


C51 COMPILER V9.51, COMPILATION OF MODULE MAIN
OBJECT MODULE PLACED IN .\output\main.obj
COMPILER INVOKED BY: F:\DianZiCeShiData\keil\C51\BIN\C51.EXE source\main.c BROWSE INCDIR(.\inc) DEBUG OBJECTEXTEND PRINT
                    -(.\list\main.lst) TABS(2) OBJECT(.\output\main.obj)

line level    source

   1           #include "STC15F2K60S2.H"
   2          #include "sys.H"
   3          #include "displayer.H" 
   4          #include "hall.h"
   5          //#include "beep.h"
   6          
   7          code unsigned long SysClock = 11059200;
   8          #ifdef _displayer_H_                         
   9          code char decode_table[] = {
  10              0x3f, 0x06, 0x5b, 0x4f, 0x66, 0x6d, 0x7d, 0x07, 0x7f, 0x6f, 0x00, 0x08, 0x40, 0x01, 0x41, 0x48,
  11              0x3f|0x80, 0x06|0x80, 0x5b|0x80, 0x4f|0x80, 0x66|0x80, 0x6d|0x80, 0x7d|0x80, 0x07|0x80, 0x7f|0x80, 0x6
             -f|0x80
  12          };
  13          #endif
  14          
  15          // 流水灯相关变量
  16          unsigned char flowLightState = 0;     // 流水灯当前状态（8位）
  17          unsigned char flowLightCounter = 0;   // 流水灯更新计数器
  18          bit magnetState = 0;                  // 磁场状态标志 (0:离开, 1:靠近)
  19          
  20          void myHall_callback()
  21          {
  22   1          if (GetHallAct() == enumHallGetClose) 
  23   1          {
  24   2              magnetState = 1;              // 设置磁场靠近标志
  25   2              flowLightState = 0x0F;        // 初始化：低4位亮（4个灯同时亮）
  26   2              flowLightCounter = 0;         // 重置计数器
  27   2             // SetBeep(1000, 20);            // 蜂鸣器报警
  28   2          }
  29   1          else
  30   1          {
  31   2              magnetState = 0;              // 清除磁场靠近标志
  32   2              flowLightState = 0x00;        // 关闭所有LED
  33   2          }
  34   1          LedPrint(flowLightState);         // 立即更新LED显示
  35   1      }
  36          
  37          void my100mS_callback()
  38          {
  39   1          if (magnetState)  // 如果磁场靠近，执行流水灯效果
  40   1          {
  41   2              flowLightCounter++;
  42   2              
  43   2              // 每3个周期更新一次流水灯状态（约300ms移动一次）
  44   2              if (flowLightCounter >= 3)
  45   2              {
  46   3                  flowLightCounter = 0;
  47   3                  
  48   3                  // 8位循环左移（4个灯同时移动）
  49   3                  // 最高位移到最低位实现循环效果
  50   3                  flowLightState = (flowLightState << 1) | (flowLightState >> 7);
  51   3              }
  52   2          }
  53   1          
C51 COMPILER V9.51   MAIN                                                                  07/02/2025 10:32:38 PAGE 2   

  54   1          // 更新LED显示（8位全控制）
  55   1          LedPrint(flowLightState);
  56   1      }
  57          
  58          void main() 
  59          {
  60   1          DisplayerInit();  
  61   1          HallInit();
  62   1         // BeepInit();
  63   1          
  64   1          // 设置事件回调函数
  65   1          SetEventCallBack(enumEventHall, myHall_callback);
  66   1          SetEventCallBack(enumEventSys100mS, my100mS_callback);
  67   1          
  68   1          // 设置显示区域（根据实际硬件调整）
  69   1          SetDisplayerArea(0, 7); 
  70   1          
  71   1          // 初始化显示（可选）
  72   1          Seg7Print(10, 10, 10,10, 10, 10, 10, 10); 
  73   1          
  74   1          // 系统初始化
  75   1          MySTC_Init();     
  76   1          
  77   1          // 主循环
  78   1          while (1)
  79   1          { 
  80   2              MySTC_OS();  // 运行系统任务
  81   2          }
  82   1      }


MODULE INFORMATION:   STATIC OVERLAYABLE
   CODE SIZE        =    129    ----
   CONSTANT SIZE    =     30    ----
   XDATA SIZE       =   ----    ----
   PDATA SIZE       =   ----    ----
   DATA SIZE        =      2    ----
   IDATA SIZE       =   ----    ----
   BIT SIZE         =      1    ----
END OF MODULE INFORMATION.


C51 COMPILATION COMPLETE.  0 WARNING(S),  0 ERROR(S)
