Classic Timing Analyzer report for mux3_1
Thu Nov 30 21:20:20 2023
Quartus II Version 9.0 Build 184 04/29/2009 Service Pack 1 SJ Web Edition


---------------------
; Table of Contents ;
---------------------
  1. Legal Notice
  2. Timing Analyzer Summary
  3. Timing Analyzer Settings
  4. Parallel Compilation
  5. tpd
  6. Timing Analyzer Messages



----------------
; Legal Notice ;
----------------
Copyright (C) 1991-2009 Altera Corporation
Your use of Altera Corporation's design tools, logic functions 
and other software and tools, and its AMPP partner logic 
functions, and any output files from any of the foregoing 
(including device programming or simulation files), and any 
associated documentation or information are expressly subject 
to the terms and conditions of the Altera Program License 
Subscription Agreement, Altera MegaCore Function License 
Agreement, or other applicable license agreement, including, 
without limitation, that your use is for the sole purpose of 
programming logic devices manufactured by Altera and sold by 
Altera or its authorized distributors.  Please refer to the 
applicable agreement for further details.



+-------------------------------------------------------------------------------------------------------------------------+
; Timing Analyzer Summary                                                                                                 ;
+------------------------------+-------+---------------+-------------+------+------+------------+----------+--------------+
; Type                         ; Slack ; Required Time ; Actual Time ; From ; To   ; From Clock ; To Clock ; Failed Paths ;
+------------------------------+-------+---------------+-------------+------+------+------------+----------+--------------+
; Worst-case tpd               ; N/A   ; None          ; 14.036 ns   ; c[4] ; y[4] ; --         ; --       ; 0            ;
; Total number of failed paths ;       ;               ;             ;      ;      ;            ;          ; 0            ;
+------------------------------+-------+---------------+-------------+------+------+------------+----------+--------------+


+--------------------------------------------------------------------------------------------------------------------+
; Timing Analyzer Settings                                                                                           ;
+---------------------------------------------------------------------+--------------------+------+----+-------------+
; Option                                                              ; Setting            ; From ; To ; Entity Name ;
+---------------------------------------------------------------------+--------------------+------+----+-------------+
; Device Name                                                         ; EP2C5T144C8        ;      ;    ;             ;
; Timing Models                                                       ; Final              ;      ;    ;             ;
; Default hold multicycle                                             ; Same as Multicycle ;      ;    ;             ;
; Cut paths between unrelated clock domains                           ; On                 ;      ;    ;             ;
; Cut off read during write signal paths                              ; On                 ;      ;    ;             ;
; Cut off feedback from I/O pins                                      ; On                 ;      ;    ;             ;
; Report Combined Fast/Slow Timing                                    ; Off                ;      ;    ;             ;
; Ignore Clock Settings                                               ; Off                ;      ;    ;             ;
; Analyze latches as synchronous elements                             ; On                 ;      ;    ;             ;
; Enable Recovery/Removal analysis                                    ; Off                ;      ;    ;             ;
; Enable Clock Latency                                                ; Off                ;      ;    ;             ;
; Use TimeQuest Timing Analyzer                                       ; Off                ;      ;    ;             ;
; Minimum Core Junction Temperature                                   ; 0                  ;      ;    ;             ;
; Maximum Core Junction Temperature                                   ; 85                 ;      ;    ;             ;
; Number of source nodes to report per destination node               ; 10                 ;      ;    ;             ;
; Number of destination nodes to report                               ; 10                 ;      ;    ;             ;
; Number of paths to report                                           ; 200                ;      ;    ;             ;
; Report Minimum Timing Checks                                        ; Off                ;      ;    ;             ;
; Use Fast Timing Models                                              ; Off                ;      ;    ;             ;
; Report IO Paths Separately                                          ; Off                ;      ;    ;             ;
; Perform Multicorner Analysis                                        ; On                 ;      ;    ;             ;
; Reports the worst-case path for each clock domain and analysis      ; Off                ;      ;    ;             ;
; Removes common clock path pessimism (CCPP) during slack computation ; Off                ;      ;    ;             ;
; Output I/O Timing Endpoint                                          ; Near End           ;      ;    ;             ;
+---------------------------------------------------------------------+--------------------+------+----+-------------+


Parallel compilation was disabled, but you have multiple processors available. Enable parallel compilation to reduce compilation time.
+-------------------------------------+
; Parallel Compilation                ;
+----------------------------+--------+
; Processors                 ; Number ;
+----------------------------+--------+
; Number detected on machine ; 16     ;
; Maximum allowed            ; 1      ;
+----------------------------+--------+


+-----------------------------------------------------------+
; tpd                                                       ;
+-------+-------------------+-----------------+------+------+
; Slack ; Required P2P Time ; Actual P2P Time ; From ; To   ;
+-------+-------------------+-----------------+------+------+
; N/A   ; None              ; 14.036 ns       ; c[4] ; y[4] ;
; N/A   ; None              ; 13.907 ns       ; s[1] ; y[5] ;
; N/A   ; None              ; 13.833 ns       ; b[5] ; y[5] ;
; N/A   ; None              ; 13.741 ns       ; b[4] ; y[4] ;
; N/A   ; None              ; 13.615 ns       ; c[1] ; y[1] ;
; N/A   ; None              ; 13.455 ns       ; c[2] ; y[2] ;
; N/A   ; None              ; 13.298 ns       ; s[1] ; y[2] ;
; N/A   ; None              ; 13.166 ns       ; c[7] ; y[7] ;
; N/A   ; None              ; 13.156 ns       ; b[1] ; y[1] ;
; N/A   ; None              ; 13.075 ns       ; s[1] ; y[0] ;
; N/A   ; None              ; 13.058 ns       ; a[5] ; y[5] ;
; N/A   ; None              ; 13.056 ns       ; b[7] ; y[7] ;
; N/A   ; None              ; 12.955 ns       ; c[5] ; y[5] ;
; N/A   ; None              ; 12.934 ns       ; s[1] ; y[6] ;
; N/A   ; None              ; 12.872 ns       ; c[6] ; y[6] ;
; N/A   ; None              ; 12.825 ns       ; c[3] ; y[3] ;
; N/A   ; None              ; 12.736 ns       ; a[3] ; y[3] ;
; N/A   ; None              ; 12.732 ns       ; s[1] ; y[4] ;
; N/A   ; None              ; 12.416 ns       ; a[7] ; y[7] ;
; N/A   ; None              ; 12.415 ns       ; s[1] ; y[7] ;
; N/A   ; None              ; 12.401 ns       ; b[2] ; y[2] ;
; N/A   ; None              ; 12.390 ns       ; s[1] ; y[1] ;
; N/A   ; None              ; 12.381 ns       ; b[6] ; y[6] ;
; N/A   ; None              ; 12.366 ns       ; s[1] ; y[3] ;
; N/A   ; None              ; 12.351 ns       ; a[4] ; y[4] ;
; N/A   ; None              ; 12.345 ns       ; a[2] ; y[2] ;
; N/A   ; None              ; 12.291 ns       ; a[1] ; y[1] ;
; N/A   ; None              ; 11.848 ns       ; b[3] ; y[3] ;
; N/A   ; None              ; 11.717 ns       ; a[6] ; y[6] ;
; N/A   ; None              ; 10.250 ns       ; s[0] ; y[0] ;
; N/A   ; None              ; 9.982 ns        ; b[0] ; y[0] ;
; N/A   ; None              ; 9.699 ns        ; s[0] ; y[5] ;
; N/A   ; None              ; 9.652 ns        ; c[0] ; y[0] ;
; N/A   ; None              ; 9.296 ns        ; s[0] ; y[4] ;
; N/A   ; None              ; 9.080 ns        ; s[0] ; y[2] ;
; N/A   ; None              ; 8.981 ns        ; s[0] ; y[7] ;
; N/A   ; None              ; 8.965 ns        ; s[0] ; y[1] ;
; N/A   ; None              ; 8.719 ns        ; s[0] ; y[6] ;
; N/A   ; None              ; 8.709 ns        ; a[0] ; y[0] ;
; N/A   ; None              ; 8.516 ns        ; s[0] ; y[3] ;
+-------+-------------------+-----------------+------+------+


+--------------------------+
; Timing Analyzer Messages ;
+--------------------------+
Info: *******************************************************************
Info: Running Quartus II Classic Timing Analyzer
    Info: Version 9.0 Build 184 04/29/2009 Service Pack 1 SJ Web Edition
    Info: Processing started: Thu Nov 30 21:20:20 2023
Info: Command: quartus_tan --read_settings_files=off --write_settings_files=off mux3_1 -c mux3_1 --timing_analysis_only
Info: Longest tpd from source pin "c[4]" to destination pin "y[4]" is 14.036 ns
    Info: 1: + IC(0.000 ns) + CELL(0.934 ns) = 0.934 ns; Loc. = PIN_126; Fanout = 1; PIN Node = 'c[4]'
    Info: 2: + IC(6.718 ns) + CELL(0.623 ns) = 8.275 ns; Loc. = LCCOMB_X4_Y12_N0; Fanout = 1; COMB Node = 'y~32'
    Info: 3: + IC(0.369 ns) + CELL(0.623 ns) = 9.267 ns; Loc. = LCCOMB_X4_Y12_N2; Fanout = 1; COMB Node = 'y~33'
    Info: 4: + IC(1.713 ns) + CELL(3.056 ns) = 14.036 ns; Loc. = PIN_25; Fanout = 0; PIN Node = 'y[4]'
    Info: Total cell delay = 5.236 ns ( 37.30 % )
    Info: Total interconnect delay = 8.800 ns ( 62.70 % )
Info: Quartus II Classic Timing Analyzer was successful. 0 errors, 0 warnings
    Info: Peak virtual memory: 213 megabytes
    Info: Processing ended: Thu Nov 30 21:20:20 2023
    Info: Elapsed time: 00:00:00
    Info: Total CPU time (on all processors): 00:00:00


